This is pdfTeX, Version 3.1415926-1.40.10 (TeX Live 2009/Debian) (format=pdflatex 2011.4.5)  28 JUL 2011 12:58
entering extended mode
 %&-line parsing enabled.
**practice_exam_solutions.tex
(./practice_exam_solutions.tex
LaTeX2e <2009/09/24>
Babel <v3.8l> and hyphenation patterns for english, usenglishmax, dumylang, noh
yphenation, loaded.
(/usr/share/texmf-texlive/tex/latex/base/article.cls
Document Class: article 2007/10/19 v1.4h Standard LaTeX document class
(/usr/share/texmf-texlive/tex/latex/base/size11.clo
File: size11.clo 2007/10/19 v1.4h Standard LaTeX file (size option)
)
\c@part=\count79
\c@section=\count80
\c@subsection=\count81
\c@subsubsection=\count82
\c@paragraph=\count83
\c@subparagraph=\count84
\c@figure=\count85
\c@table=\count86
\abovecaptionskip=\skip41
\belowcaptionskip=\skip42
\bibindent=\dimen102
)
(/usr/share/texmf-texlive/tex/latex/ltxmisc/url.sty
\Urlmuskip=\muskip10
Package: url 2006/04/12  ver 3.3  Verb mode for urls, etc.
)
(/usr/share/texmf-texlive/tex/latex/amsmath/amsmath.sty
Package: amsmath 2000/07/18 v2.13 AMS math features
\@mathmargin=\skip43

For additional information on amsmath, use the `?' option.
(/usr/share/texmf-texlive/tex/latex/amsmath/amstext.sty
Package: amstext 2000/06/29 v2.01

(/usr/share/texmf-texlive/tex/latex/amsmath/amsgen.sty
File: amsgen.sty 1999/11/30 v2.0
\@emptytoks=\toks14
\ex@=\dimen103
))
(/usr/share/texmf-texlive/tex/latex/amsmath/amsbsy.sty
Package: amsbsy 1999/11/29 v1.2d
\pmbraise@=\dimen104
)
(/usr/share/texmf-texlive/tex/latex/amsmath/amsopn.sty
Package: amsopn 1999/12/14 v2.01 operator names
)
\inf@bad=\count87
LaTeX Info: Redefining \frac on input line 211.
\uproot@=\count88
\leftroot@=\count89
LaTeX Info: Redefining \overline on input line 307.
\classnum@=\count90
\DOTSCASE@=\count91
LaTeX Info: Redefining \ldots on input line 379.
LaTeX Info: Redefining \dots on input line 382.
LaTeX Info: Redefining \cdots on input line 467.
\Mathstrutbox@=\box26
\strutbox@=\box27
\big@size=\dimen105
LaTeX Font Info:    Redeclaring font encoding OML on input line 567.
LaTeX Font Info:    Redeclaring font encoding OMS on input line 568.
\macc@depth=\count92
\c@MaxMatrixCols=\count93
\dotsspace@=\muskip11
\c@parentequation=\count94
\dspbrk@lvl=\count95
\tag@help=\toks15
\row@=\count96
\column@=\count97
\maxfields@=\count98
\andhelp@=\toks16
\eqnshift@=\dimen106
\alignsep@=\dimen107
\tagshift@=\dimen108
\tagwidth@=\dimen109
\totwidth@=\dimen110
\lineht@=\dimen111
\@envbody=\toks17
\multlinegap=\skip44
\multlinetaggap=\skip45
\mathdisplay@stack=\toks18
LaTeX Info: Redefining \[ on input line 2666.
LaTeX Info: Redefining \] on input line 2667.
)
(/usr/share/texmf-texlive/tex/latex/amscls/amsthm.sty
Package: amsthm 2004/08/06 v2.20
\thm@style=\toks19
\thm@bodyfont=\toks20
\thm@headfont=\toks21
\thm@notefont=\toks22
\thm@headpunct=\toks23
\thm@preskip=\skip46
\thm@postskip=\skip47
\thm@headsep=\skip48
\dth@everypar=\toks24
)
(/usr/share/texmf-texlive/tex/latex/amsfonts/amsfonts.sty
Package: amsfonts 2009/06/22 v3.00 Basic AMSFonts support
\symAMSa=\mathgroup4
\symAMSb=\mathgroup5
LaTeX Font Info:    Overwriting math alphabet `\mathfrak' in version `bold'
(Font)                  U/euf/m/n --> U/euf/b/n on input line 96.
)
(/usr/share/texmf-texlive/tex/latex/amsfonts/amssymb.sty
Package: amssymb 2009/06/22 v3.00
)
(/usr/share/texmf-texlive/tex/latex/graphics/color.sty
Package: color 2005/11/14 v1.0j Standard LaTeX Color (DPC)

(/etc/texmf/tex/latex/config/color.cfg
File: color.cfg 2007/01/18 v1.5 color configuration of teTeX/TeXLive
)
Package color Info: Driver file: pdftex.def on input line 130.

(/usr/share/texmf-texlive/tex/latex/pdftex-def/pdftex.def
File: pdftex.def 2009/08/25 v0.04m Graphics/color for pdfTeX
\Gread@gobject=\count99
))
\c@definition=\count100
\c@remark=\count101
\c@theorem=\count102
\c@observation=\count103

(./practice_exam_solutions.aux)
\openout1 = `practice_exam_solutions.aux'.

LaTeX Font Info:    Checking defaults for OML/cmm/m/it on input line 34.
LaTeX Font Info:    ... okay on input line 34.
LaTeX Font Info:    Checking defaults for T1/cmr/m/n on input line 34.
LaTeX Font Info:    ... okay on input line 34.
LaTeX Font Info:    Checking defaults for OT1/cmr/m/n on input line 34.
LaTeX Font Info:    ... okay on input line 34.
LaTeX Font Info:    Checking defaults for OMS/cmsy/m/n on input line 34.
LaTeX Font Info:    ... okay on input line 34.
LaTeX Font Info:    Checking defaults for OMX/cmex/m/n on input line 34.
LaTeX Font Info:    ... okay on input line 34.
LaTeX Font Info:    Checking defaults for U/cmr/m/n on input line 34.
LaTeX Font Info:    ... okay on input line 34.

(/usr/share/texmf-texlive/tex/context/base/supp-pdf.mkii
[Loading MPS to PDF converter (version 2006.09.02).]
\scratchcounter=\count104
\scratchdimen=\dimen112
\scratchbox=\box28
\nofMPsegments=\count105
\nofMParguments=\count106
\everyMPshowfont=\toks25
\MPscratchCnt=\count107
\MPscratchDim=\dimen113
\MPnumerator=\count108
\everyMPtoPDFconversion=\toks26
)
LaTeX Font Info:    Try loading font information for U+msa on input line 40.
 (/usr/share/texmf-texlive/tex/latex/amsfonts/umsa.fd
File: umsa.fd 2009/06/22 v3.00 AMS symbols A
)
LaTeX Font Info:    Try loading font information for U+msb on input line 40.

(/usr/share/texmf-texlive/tex/latex/amsfonts/umsb.fd
File: umsb.fd 2009/06/22 v3.00 AMS symbols B
)

LaTeX Warning: No \author given.

[1

{/var/lib/texmf/fonts/map/pdftex/updmap/pdftex.map}] [2] [3]
Overfull \hbox (36.65945pt too wide) in paragraph at lines 184--184
[]    \OT1/cmtt/m/n/10.95 # if you don't put the + 1, the code will run forever
 if y == x+1[] 
 []


Overfull \hbox (25.16208pt too wide) in paragraph at lines 184--184
[]    \OT1/cmtt/m/n/10.95 # alternatively, above you could have a separate chec
k for y ==[] 
 []

[4]
Overfull \hbox (25.16208pt too wide) in paragraph at lines 271--271
[]\OT1/cmtt/m/n/10.95 # merge(A, B) returns a list with two elements.  The 0th 
element is[] 
 []


Overfull \hbox (30.91077pt too wide) in paragraph at lines 271--271
[]\OT1/cmtt/m/n/10.95 # inversions between elements of A and elements of B (i.e
., how many[] 
 []

[5]
Overfull \hbox (30.91077pt too wide) in paragraph at lines 271--271
[]\OT1/cmtt/m/n/10.95 # mergeSort(L) returns a list with two elements.  The 0th
 element is[] 
 []


Overfull \hbox (7.91602pt too wide) in paragraph at lines 271--271
[]\OT1/cmtt/m/n/10.95 L, sorted, and the 1st element is the number of inversion
s in L.[] 
 []

[6] [7] [8] (./practice_exam_solutions.aux) ) 
Here is how much of TeX's memory you used:
 1829 strings out of 495061
 21329 string characters out of 1182622
 74073 words of memory out of 3000000
 5020 multiletter control sequences out of 15000+50000
 10954 words of font info for 42 fonts, out of 3000000 for 9000
 28 hyphenation exceptions out of 8191
 27i,8n,22p,219b,253s stack positions out of 5000i,500n,10000p,200000b,50000s
</usr/share/texmf-texlive/fonts/ty
pe1/public/amsfonts/cm/cmbx10.pfb></usr/share/texmf-texlive/fonts/type1/public/
amsfonts/cm/cmex10.pfb></usr/share/texmf-texlive/fonts/type1/public/amsfonts/cm
/cmmi10.pfb></usr/share/texmf-texlive/fonts/type1/public/amsfonts/cm/cmmi8.pfb>
</usr/share/texmf-texlive/fonts/type1/public/amsfonts/cm/cmr10.pfb></usr/share/
texmf-texlive/fonts/type1/public/amsfonts/cm/cmr17.pfb></usr/share/texmf-texliv
e/fonts/type1/public/amsfonts/cm/cmr6.pfb></usr/share/texmf-texlive/fonts/type1
/public/amsfonts/cm/cmr8.pfb></usr/share/texmf-texlive/fonts/type1/public/amsfo
nts/cm/cmsy10.pfb></usr/share/texmf-texlive/fonts/type1/public/amsfonts/cm/cmti
10.pfb></usr/share/texmf-texlive/fonts/type1/public/amsfonts/cm/cmtt10.pfb>
Output written on practice_exam_solutions.pdf (8 pages, 152270 bytes).
PDF statistics:
 73 PDF objects out of 1000 (max. 8388607)
 0 named destinations out of 1000 (max. 500000)
 1 words of extra memory for PDF output out of 10000 (max. 10000000)

